<?xml version="1.0" encoding="UTF-8"?>
<!-- Generated by org.testng.reporters.JUnitXMLReporter -->
<testsuite ignored="0" hostname="DESKTOP-OF0JF2E" failures="0" tests="4" name="Default test" time="107.753" errors="0" timestamp="2022-11-14T16:49:08 IST">
  <testcase classname="BasicsOfTestNg.ThreadPoolSize" name="OpenBrowser" time="107.577"/>
  <testcase classname="BasicsOfTestNg.ThreadPoolSize" name="OpenBrowser" time="107.577"/>
  <testcase classname="BasicsOfTestNg.ThreadPoolSize" name="OpenBrowser" time="107.618"/>
  <testcase classname="BasicsOfTestNg.ThreadPoolSize" name="OpenBrowser" time="107.646"/>
</testsuite> <!-- Default test -->
