<?xml version="1.0" encoding="UTF-8"?>
<!-- Generated by org.testng.reporters.JUnitXMLReporter -->
<testsuite ignored="6" hostname="DESKTOP-OF0JF2E" failures="0" tests="3" name="SmokeTest" time="0.088" errors="0" timestamp="2022-11-13T20:55:53 IST">
  <testcase classname="GroupingOfTestCases.TestCase1" name="Test1" time="0.01"/>
  <testcase classname="GroupingOfTestCases.TestCase2" name="Test4" time="0.002"/>
  <testcase classname="GroupingOfTestCases.TestCase3" name="Test7" time="0.003"/>
  <testcase classname="GroupingOfTestCases.TestCase3" name="Test8" time="0.0">
    <ignored/>
  </testcase> <!-- Test8 -->
  <testcase classname="GroupingOfTestCases.TestCase1" name="Test3" time="0.0">
    <ignored/>
  </testcase> <!-- Test3 -->
  <testcase classname="GroupingOfTestCases.TestCase2" name="Test5" time="0.0">
    <ignored/>
  </testcase> <!-- Test5 -->
  <testcase classname="GroupingOfTestCases.TestCase2" name="Test6" time="0.0">
    <ignored/>
  </testcase> <!-- Test6 -->
  <testcase classname="GroupingOfTestCases.TestCase3" name="Test9" time="0.0">
    <ignored/>
  </testcase> <!-- Test9 -->
  <testcase classname="GroupingOfTestCases.TestCase1" name="Test2" time="0.0">
    <ignored/>
  </testcase> <!-- Test2 -->
</testsuite> <!-- SmokeTest -->
