<?xml version="1.0" encoding="UTF-8"?>
<!-- Generated by org.testng.reporters.JUnitXMLReporter -->
<testsuite ignored="0" hostname="DESKTOP-OF0JF2E" failures="0" tests="4" name="Test" time="42.425" errors="0" timestamp="2022-11-14T16:51:37 IST">
  <testcase classname="BasicsOfTestNg.ThreadPoolSize" name="OpenBrowser" time="42.124"/>
  <testcase classname="BasicsOfTestNg.ThreadPoolSize" name="OpenBrowser" time="42.226"/>
  <testcase classname="BasicsOfTestNg.ThreadPoolSize" name="OpenBrowser" time="42.265"/>
  <testcase classname="BasicsOfTestNg.ThreadPoolSize" name="OpenBrowser" time="42.311"/>
</testsuite> <!-- Test -->
