<?xml version="1.0" encoding="UTF-8"?>
<testng-results ignored="0" total="4" passed="4" failed="0" skipped="0">
  <reporter-output>
  </reporter-output>
  <suite started-at="2022-11-14T16:50:54 IST" name="Suite" finished-at="2022-11-14T16:51:36 IST" duration-ms="42425">
    <groups>
    </groups>
    <test started-at="2022-11-14T16:50:54 IST" name="Test" finished-at="2022-11-14T16:51:36 IST" duration-ms="42425">
      <class name="BasicsOfTestNg.ThreadPoolSize">
        <test-method signature="OpenBrowser()[pri:0, instance:BasicsOfTestNg.ThreadPoolSize@702b8b12]" started-at="2022-11-14T16:50:54 IST" name="OpenBrowser" finished-at="2022-11-14T16:51:36 IST" duration-ms="42124" status="PASS">
          <reporter-output>
          </reporter-output>
        </test-method> <!-- OpenBrowser -->
        <test-method signature="OpenBrowser()[pri:0, instance:BasicsOfTestNg.ThreadPoolSize@702b8b12]" started-at="2022-11-14T16:50:54 IST" name="OpenBrowser" finished-at="2022-11-14T16:51:36 IST" duration-ms="42226" status="PASS">
          <reporter-output>
          </reporter-output>
        </test-method> <!-- OpenBrowser -->
        <test-method signature="OpenBrowser()[pri:0, instance:BasicsOfTestNg.ThreadPoolSize@702b8b12]" started-at="2022-11-14T16:50:54 IST" name="OpenBrowser" finished-at="2022-11-14T16:51:36 IST" duration-ms="42265" status="PASS">
          <reporter-output>
          </reporter-output>
        </test-method> <!-- OpenBrowser -->
        <test-method signature="OpenBrowser()[pri:0, instance:BasicsOfTestNg.ThreadPoolSize@702b8b12]" started-at="2022-11-14T16:50:54 IST" name="OpenBrowser" finished-at="2022-11-14T16:51:36 IST" duration-ms="42311" status="PASS">
          <reporter-output>
          </reporter-output>
        </test-method> <!-- OpenBrowser -->
      </class> <!-- BasicsOfTestNg.ThreadPoolSize -->
    </test> <!-- Test -->
  </suite> <!-- Suite -->
</testng-results>
